[INFO] Scanning for projects...
[INFO] 
[INFO] -----------< com.squareedgesports:squareedgesports-backend >------------
[INFO] Building SquareEdgeSports Backend 1.0.0
[INFO]   from pom.xml
[INFO] --------------------------------[ jar ]---------------------------------
[INFO] 
[INFO] >>> spring-boot:3.2.3:run (default-cli) > test-compile @ squareedgesports-backend >>>
[INFO] 
[INFO] --- resources:3.3.1:resources (default-resources) @ squareedgesports-backend ---
[INFO] Copying 1 resource from src\main\resources to target\classes
[INFO] Copying 0 resource from src\main\resources to target\classes
[INFO] 
[INFO] --- compiler:3.11.0:compile (default-compile) @ squareedgesports-backend ---
[INFO] Nothing to compile - all classes are up to date
[INFO] 
[INFO] --- resources:3.3.1:testResources (default-testResources) @ squareedgesports-backend ---
[INFO] skip non existing resourceDirectory C:\Users\deeks\Downloads\SquareEdgeSports-v2\squareedgesports\backend\src\test\resources
[INFO] 
[INFO] --- compiler:3.11.0:testCompile (default-testCompile) @ squareedgesports-backend ---
[INFO] No sources to compile
[INFO] 
[INFO] <<< spring-boot:3.2.3:run (default-cli) < test-compile @ squareedgesports-backend <<<
[INFO] 
[INFO] 
[INFO] --- spring-boot:3.2.3:run (default-cli) @ squareedgesports-backend ---
[INFO] Attaching agents: []

  .   ____          _            __ _ _
 /\\ / ___'_ __ _ _(_)_ __  __ _ \ \ \ \
( ( )\___ | '_ | '_| | '_ \/ _` | \ \ \ \
 \\/  ___)| |_)| | | | | || (_| |  ) ) ) )
  '  |____| .__|_| |_|_| |_\__, | / / / /
 =========|_|==============|___/=/_/_/_/
 :: Spring Boot ::                (v3.2.3)

2026-05-05T18:30:23.042+05:30  INFO 122672 --- [SquareEdgeSports] [           main] c.s.SquareEdgeSportsApplication          : Starting SquareEdgeSportsApplication using Java 21.0.1 with PID 122672 (C:\Users\deeks\Downloads\SquareEdgeSports-v2\squareedgesports\backend\target\classes started by Deekshitha in C:\Users\deeks\Downloads\SquareEdgeSports-v2\squareedgesports\backend)
2026-05-05T18:30:23.044+05:30  INFO 122672 --- [SquareEdgeSports] [           main] c.s.SquareEdgeSportsApplication          : No active profile set, falling back to 1 default profile: "default"
2026-05-05T18:30:23.702+05:30  INFO 122672 --- [SquareEdgeSports] [           main] .s.d.r.c.RepositoryConfigurationDelegate : Bootstrapping Spring Data JPA repositories in DEFAULT mode.
2026-05-05T18:30:23.769+05:30  INFO 122672 --- [SquareEdgeSports] [           main] .s.d.r.c.RepositoryConfigurationDelegate : Finished Spring Data repository scanning in 57 ms. Found 10 JPA repository interfaces.
2026-05-05T18:30:24.286+05:30  INFO 122672 --- [SquareEdgeSports] [           main] o.s.b.w.embedded.tomcat.TomcatWebServer  : Tomcat initialized with port 8080 (http)
2026-05-05T18:30:24.297+05:30  INFO 122672 --- [SquareEdgeSports] [           main] o.apache.catalina.core.StandardService   : Starting service [Tomcat]
2026-05-05T18:30:24.297+05:30  INFO 122672 --- [SquareEdgeSports] [           main] o.apache.catalina.core.StandardEngine    : Starting Servlet engine: [Apache Tomcat/10.1.19]
2026-05-05T18:30:24.352+05:30  INFO 122672 --- [SquareEdgeSports] [           main] o.a.c.c.C.[Tomcat].[localhost].[/]       : Initializing Spring embedded WebApplicationContext
2026-05-05T18:30:24.353+05:30  INFO 122672 --- [SquareEdgeSports] [           main] w.s.c.ServletWebServerApplicationContext : Root WebApplicationContext: initialization completed in 1274 ms
2026-05-05T18:30:24.471+05:30  INFO 122672 --- [SquareEdgeSports] [           main] o.hibernate.jpa.internal.util.LogHelper  : HHH000204: Processing PersistenceUnitInfo [name: default]
2026-05-05T18:30:24.525+05:30  INFO 122672 --- [SquareEdgeSports] [           main] org.hibernate.Version                    : HHH000412: Hibernate ORM core version 6.4.4.Final
2026-05-05T18:30:24.566+05:30  INFO 122672 --- [SquareEdgeSports] [           main] o.h.c.internal.RegionFactoryInitiator    : HHH000026: Second-level cache disabled
2026-05-05T18:30:24.797+05:30  INFO 122672 --- [SquareEdgeSports] [           main] o.s.o.j.p.SpringPersistenceUnitInfo      : No LoadTimeWeaver setup: ignoring JPA class transformer
2026-05-05T18:30:24.846+05:30  INFO 122672 --- [SquareEdgeSports] [           main] com.zaxxer.hikari.HikariDataSource       : HikariPool-1 - Starting...
2026-05-05T18:30:25.060+05:30  INFO 122672 --- [SquareEdgeSports] [           main] com.zaxxer.hikari.pool.HikariPool        : HikariPool-1 - Added connection com.mysql.cj.jdbc.ConnectionImpl@1b4a3a1
2026-05-05T18:30:25.062+05:30  INFO 122672 --- [SquareEdgeSports] [           main] com.zaxxer.hikari.HikariDataSource       : HikariPool-1 - Start completed.
2026-05-05T18:30:25.112+05:30  WARN 122672 --- [SquareEdgeSports] [           main] org.hibernate.orm.deprecation            : HHH90000025: MySQL8Dialect does not need to be specified explicitly using 'hibernate.dialect' (remove the property setting and it will be selected by default)
2026-05-05T18:30:25.113+05:30  WARN 122672 --- [SquareEdgeSports] [           main] org.hibernate.orm.deprecation            : HHH90000026: MySQL8Dialect has been deprecated; use org.hibernate.dialect.MySQLDialect instead
2026-05-05T18:30:26.393+05:30  INFO 122672 --- [SquareEdgeSports] [           main] o.h.e.t.j.p.i.JtaPlatformInitiator       : HHH000489: No JTA platform available (set 'hibernate.transaction.jta.platform' to enable JTA platform integration)
2026-05-05T18:30:26.516+05:30  INFO 122672 --- [SquareEdgeSports] [           main] j.LocalContainerEntityManagerFactoryBean : Initialized JPA EntityManagerFactory for persistence unit 'default'
2026-05-05T18:30:27.110+05:30  INFO 122672 --- [SquareEdgeSports] [           main] o.s.d.j.r.query.QueryEnhancerFactory     : Hibernate is in classpath; If applicable, HQL parser will be used.
2026-05-05T18:30:28.516+05:30  WARN 122672 --- [SquareEdgeSports] [           main] JpaBaseConfiguration$JpaWebConfiguration : spring.jpa.open-in-view is enabled by default. Therefore, database queries may be performed during view rendering. Explicitly configure spring.jpa.open-in-view to disable this warning
2026-05-05T18:30:29.146+05:30  INFO 122672 --- [SquareEdgeSports] [           main] o.s.s.web.DefaultSecurityFilterChain     : Will secure any request with [org.springframework.security.web.session.DisableEncodeUrlFilter@18161415, org.springframework.security.web.context.request.async.WebAsyncManagerIntegrationFilter@75e00044, org.springframework.security.web.context.SecurityContextHolderFilter@302b6367, org.springframework.security.web.header.HeaderWriterFilter@4105b1d2, org.springframework.web.filter.CorsFilter@3be3ba84, org.springframework.security.web.authentication.logout.LogoutFilter@12f12982, com.squareedgesports.security.JwtAuthFilter@73633230, org.springframework.security.web.savedrequest.RequestCacheAwareFilter@3d5a6aca, org.springframework.security.web.servletapi.SecurityContextHolderAwareRequestFilter@13cdfd26, org.springframework.security.web.authentication.AnonymousAuthenticationFilter@2aaa5122, org.springframework.security.web.session.SessionManagementFilter@1a2454b0, org.springframework.security.web.access.ExceptionTranslationFilter@351aa7f, org.springframework.security.web.access.intercept.AuthorizationFilter@22b9f45f]
2026-05-05T18:30:29.584+05:30  INFO 122672 --- [SquareEdgeSports] [           main] o.s.b.w.embedded.tomcat.TomcatWebServer  : Tomcat started on port 8080 (http) with context path ''
2026-05-05T18:30:29.592+05:30  INFO 122672 --- [SquareEdgeSports] [           main] c.s.SquareEdgeSportsApplication          : Started SquareEdgeSportsApplication in 6.859 seconds (process running for 7.142)
2026-05-05T18:31:29.773+05:30  INFO 122672 --- [SquareEdgeSports] [nio-8080-exec-2] o.a.c.c.C.[Tomcat].[localhost].[/]       : Initializing Spring DispatcherServlet 'dispatcherServlet'
2026-05-05T18:31:29.773+05:30  INFO 122672 --- [SquareEdgeSports] [nio-8080-exec-2] o.s.web.servlet.DispatcherServlet        : Initializing Servlet 'dispatcherServlet'
2026-05-05T18:31:29.773+05:30  INFO 122672 --- [SquareEdgeSports] [nio-8080-exec-2] o.s.web.servlet.DispatcherServlet        : Completed initialization in 0 ms
2026-05-05T19:30:02.911+05:30  WARN 122672 --- [SquareEdgeSports] [l-1 housekeeper] com.zaxxer.hikari.pool.HikariPool        : HikariPool-1 - Thread starvation or clock leap detected (housekeeper delta=20m37s93ms705µs600ns).
